\o Program:		@(#)$CDS: libManager version 6.1.6 - CAT33 02/20/2013 14:27 (sjfnl893) $
\o Sub version:		sub-version  p011 
\o Arguments:		-unmapped -mpssession virtuoso7902 -mpshost server01 
\o Working Directory:	server01:/home/kennyg/Desktop/virtuoso_git_lib
\o 64-bit offsets
\o Qt version: 		4.7.2
\o changeWorkingDir("/home/kennyg/Desktop/virtuoso_git_lib") unnecessary.
\o ddSetForcedLib("") unnecessary.
\o Log file is "/home/kennyg/Desktop/virtuoso_git_lib/libManager.log".
\o Opening libManager window.
\a nrSetWindowVisibility(cdsLibManager "show")
\o MPS service: map window
\o Library Manager customization server connected.
\a nrSetCurrentWindow(cdsLibManager)
\a nrResizeWindow(cdsLibManager list(394 170 1739 944))
\a cdsLibManager->libListBox->value = "ander_logic"
\a cdsLibManager->libLineEdit->value = "ander_logic"
\a lmgrLogShowPopup("mainListPopup1" 173 259 2 "")
\a nrResizeWindow(cdsLibManager list(429 149 1739 944))
\a nrSetCurrentWindow(cdsLibManager)
\a nrSetCurrentWindow(cdsLibManager)
\a nrSetCurrentWindow(cdsLibManager)
\a nrSetCurrentWindow(cdsLibManager)
\a nrSetCurrentWindow(cdsLibManager)
\a nrSetCurrentWindow(cdsLibManager)
\a nrSetCurrentWindow(cdsLibManager)
\a cdsLibManager->libListBox->value = nil
\a cdsLibManager->libLineEdit->value = ""
\a cdsLibManager->libListBox->value = "ander_logic"
\a cdsLibManager->libLineEdit->value = "ander_logic"
\o DB was auto refreshed.
\a nrSetCurrentWindow(cdsLibManager)
\a cdsLibManager->libListBox->value = nil
\a cdsLibManager->libLineEdit->value = ""
\a cdsLibManager->libListBox->value = "ander_logic"
\a cdsLibManager->libLineEdit->value = "ander_logic"
\o DB was auto refreshed.
\a nrSetCurrentWindow(cdsLibManager)
